This file contains any messages produced by compilers while
running configure, to aid debugging if configure makes a mistake.

It was created by libusb-1.0 configure 1.0.26, which was
generated by GNU Autoconf 2.69.  Invocation command line was

  $ ./configure 

## --------- ##
## Platform. ##
## --------- ##

hostname = 636s-Mac-mini.local
uname -m = x86_64
uname -r = 23.0.0
uname -s = Darwin
uname -v = Darwin Kernel Version 23.0.0: Fri Sep 15 14:42:42 PDT 2023; root:xnu-10002.1.13~1/RELEASE_X86_64

/usr/bin/uname -p = i386
/bin/uname -X     = unknown

/bin/arch              = unknown
/usr/bin/arch -k       = unknown
/usr/convex/getsysinfo = unknown
/usr/bin/hostinfo      = Mach kernel version:
	 Darwin Kernel Version 23.0.0: Fri Sep 15 14:42:42 PDT 2023; root:xnu-10002.1.13~1/RELEASE_X86_64
Kernel configured for up to 12 processors.
6 processors are physically available.
12 processors are logically available.
Processor type: x86_64h (Intel x86-64h Haswell)
Processors active: 0 1 2 3 4 5 6 7 8 9 10 11
Primary memory available: 32.00 gigabytes
Default processor set: 669 tasks, 3354 threads, 12 processors
Load average: 3.47, Mach factor: 8.72
/bin/machine           = unknown
/usr/bin/oslevel       = unknown
/bin/universe          = unknown

PATH: /Users/morpheous/APPLICATIONS_2/chromium/depot_tools
PATH: /usr/local/bin
PATH: /Users/morpheous/.pyenv/versions/3.11.1/bin
PATH: /Users/morpheous/.mozbuild/git-cinnabar
PATH: /usr/local/opt/imagemagick@6/bin
PATH: /Users/morpheous/.cargo/bin
PATH: /Users/morpheous/Library/Python/3.11/bin
PATH: /Users/morpheous/APPLICATIONS_2/google-cloud-sdk/bin
PATH: /Users/morpheous/go/bin
PATH: /Users/morpheous/go/bin
PATH: /opt/local/bin
PATH: /opt/local/sbin
PATH: /Users/morpheous/.nvm/versions/node/v19.7.0/bin
PATH: /usr/local/bin
PATH: /System/Cryptexes/App/usr/bin
PATH: /usr/bin
PATH: /bin
PATH: /usr/sbin
PATH: /sbin
PATH: /var/run/com.apple.security.cryptexd/codex.system/bootstrap/usr/local/bin
PATH: /var/run/com.apple.security.cryptexd/codex.system/bootstrap/usr/bin
PATH: /var/run/com.apple.security.cryptexd/codex.system/bootstrap/usr/appleinternal/bin
PATH: /opt/X11/bin
PATH: /Library/Apple/usr/bin
PATH: /Applications/Little Snitch.app/Contents/Components
PATH: /usr/local/go/bin
PATH: /Library/Frameworks/Mono.framework/Versions/Current/Commands


## ----------- ##
## Core tests. ##
## ----------- ##

configure:2598: checking for gcc
configure:2614: found /usr/bin/gcc
configure:2625: result: gcc
configure:2854: checking for C compiler version
configure:2863: gcc --version >&5
Apple clang version 15.0.0 (clang-1500.0.40.1)
Target: x86_64-apple-darwin23.0.0
Thread model: posix
InstalledDir: /Applications/Xcode.app/Contents/Developer/Toolchains/XcodeDefault.xctoolchain/usr/bin
configure:2874: $? = 0
configure:2863: gcc -v >&5
Apple clang version 15.0.0 (clang-1500.0.40.1)
Target: x86_64-apple-darwin23.0.0
Thread model: posix
InstalledDir: /Applications/Xcode.app/Contents/Developer/Toolchains/XcodeDefault.xctoolchain/usr/bin
configure:2874: $? = 0
configure:2863: gcc -V >&5
clang: error: argument to '-V' is missing (expected 1 value)
clang: error: no input files
configure:2874: $? = 1
configure:2863: gcc -qversion >&5
clang: error: unknown argument '-qversion'; did you mean '--version'?
clang: error: no input files
configure:2874: $? = 1
configure:2894: checking whether the C compiler works
configure:2916: gcc  -I/usr/local/opt/sqlite/include -L/usr/local/opt/sqlite/lib conftest.c  >&5
configure:2920: $? = 0
configure:2968: result: yes
configure:2971: checking for C compiler default output file name
configure:2973: result: a.out
configure:2979: checking for suffix of executables
configure:2986: gcc -o conftest  -I/usr/local/opt/sqlite/include -L/usr/local/opt/sqlite/lib conftest.c  >&5
configure:2990: $? = 0
configure:3012: result: 
configure:3034: checking whether we are cross compiling
configure:3042: gcc -o conftest  -I/usr/local/opt/sqlite/include -L/usr/local/opt/sqlite/lib conftest.c  >&5
configure:3046: $? = 0
configure:3053: ./conftest
configure:3057: $? = 0
configure:3072: result: no
configure:3077: checking for suffix of object files
configure:3099: gcc -c  -I/usr/local/opt/sqlite/include conftest.c >&5
configure:3103: $? = 0
configure:3124: result: o
configure:3128: checking whether we are using the GNU C compiler
configure:3147: gcc -c  -I/usr/local/opt/sqlite/include conftest.c >&5
configure:3147: $? = 0
configure:3156: result: yes
configure:3165: checking whether gcc accepts -g
configure:3185: gcc -c -g -I/usr/local/opt/sqlite/include conftest.c >&5
configure:3185: $? = 0
configure:3226: result: yes
configure:3243: checking for gcc option to accept ISO C89
configure:3306: gcc  -c -g -O2 -I/usr/local/opt/sqlite/include conftest.c >&5
conftest.c:15:14: warning: a function definition without a prototype is deprecated in all versions of C and is not supported in C2x [-Wdeprecated-non-prototype]
static char *e (p, i)
             ^
1 warning generated.
configure:3306: $? = 0
configure:3319: result: none needed
configure:3376: checking whether gcc understands -c and -o together
configure:3398: gcc -c conftest.c -o conftest2.o
configure:3401: $? = 0
configure:3398: gcc -c conftest.c -o conftest2.o
configure:3401: $? = 0
configure:3413: result: yes
configure:3488: checking for g++
configure:3504: found /usr/bin/g++
configure:3515: result: g++
configure:3542: checking for C++ compiler version
configure:3551: g++ --version >&5
Apple clang version 15.0.0 (clang-1500.0.40.1)
Target: x86_64-apple-darwin23.0.0
Thread model: posix
InstalledDir: /Applications/Xcode.app/Contents/Developer/Toolchains/XcodeDefault.xctoolchain/usr/bin
configure:3562: $? = 0
configure:3551: g++ -v >&5
Apple clang version 15.0.0 (clang-1500.0.40.1)
Target: x86_64-apple-darwin23.0.0
Thread model: posix
InstalledDir: /Applications/Xcode.app/Contents/Developer/Toolchains/XcodeDefault.xctoolchain/usr/bin
configure:3562: $? = 0
configure:3551: g++ -V >&5
clang: error: argument to '-V' is missing (expected 1 value)
clang: error: no input files
configure:3562: $? = 1
configure:3551: g++ -qversion >&5
clang: error: unknown argument '-qversion'; did you mean '--version'?
clang: error: no input files
configure:3562: $? = 1
configure:3566: checking whether we are using the GNU C++ compiler
configure:3585: g++ -c  -I/usr/local/opt/sqlite/include conftest.cpp >&5
configure:3585: $? = 0
configure:3594: result: yes
configure:3603: checking whether g++ accepts -g
configure:3623: g++ -c -g -I/usr/local/opt/sqlite/include conftest.cpp >&5
configure:3623: $? = 0
configure:3664: result: yes
configure:3688: checking for inline
configure:3704: gcc -c -g -O2 -I/usr/local/opt/sqlite/include conftest.c >&5
configure:3704: $? = 0
configure:3712: result: inline
configure:3746: checking for a BSD-compatible install
configure:3814: result: /usr/local/bin/ginstall -c
configure:3825: checking whether build environment is sane
configure:3880: result: yes
configure:4028: checking for a thread-safe mkdir -p
configure:4067: result: /usr/local/bin/gmkdir -p
configure:4074: checking for gawk
configure:4104: result: no
configure:4074: checking for mawk
configure:4104: result: no
configure:4074: checking for nawk
configure:4104: result: no
configure:4074: checking for awk
configure:4090: found /usr/bin/awk
configure:4101: result: awk
configure:4112: checking whether make sets $(MAKE)
configure:4134: result: yes
configure:4156: checking whether make supports the include directive
configure:4171: make -f confmf.GNU && cat confinc.out
this is the am__doit target
configure:4174: $? = 0
configure:4193: result: yes (GNU style)
configure:4226: checking whether make supports nested variables
configure:4243: result: yes
configure:4328: checking dependency style of gcc
configure:4439: result: gcc3
configure:4456: checking dependency style of g++
configure:4567: result: gcc3
configure:4654: checking build system type
configure:4668: result: x86_64-apple-darwin23.0.0
configure:4688: checking host system type
configure:4701: result: x86_64-apple-darwin23.0.0
configure:4742: checking how to print strings
configure:4769: result: printf
configure:4790: checking for a sed that does not truncate output
configure:4854: result: /usr/local/bin/gsed
configure:4872: checking for grep that handles long lines and -e
configure:4930: result: /usr/bin/grep
configure:4935: checking for egrep
configure:4997: result: /usr/bin/grep -E
configure:5002: checking for fgrep
configure:5064: result: /usr/bin/grep -F
configure:5099: checking for ld used by gcc
configure:5166: result: /Applications/Xcode.app/Contents/Developer/Toolchains/XcodeDefault.xctoolchain/usr/bin/ld
configure:5173: checking if the linker (/Applications/Xcode.app/Contents/Developer/Toolchains/XcodeDefault.xctoolchain/usr/bin/ld) is GNU ld
configure:5188: result: no
configure:5200: checking for BSD- or MS-compatible name lister (nm)
configure:5254: result: /usr/bin/nm -B
configure:5384: checking the name lister (/usr/bin/nm -B) interface
configure:5391: gcc -c -g -O2 -I/usr/local/opt/sqlite/include conftest.c >&5
configure:5394: /usr/bin/nm -B "conftest.o"
configure:5397: output
0000000000000258 S _some_variable
configure:5404: result: BSD nm
configure:5407: checking whether ln -s works
configure:5411: result: yes
configure:5419: checking the maximum length of command line arguments
configure:5550: result: 786432
configure:5598: checking how to convert x86_64-apple-darwin23.0.0 file names to x86_64-apple-darwin23.0.0 format
configure:5638: result: func_convert_file_noop
configure:5645: checking how to convert x86_64-apple-darwin23.0.0 file names to toolchain format
configure:5665: result: func_convert_file_noop
configure:5672: checking for /Applications/Xcode.app/Contents/Developer/Toolchains/XcodeDefault.xctoolchain/usr/bin/ld option to reload object files
configure:5679: result: -r
configure:5753: checking for objdump
configure:5769: found /usr/bin/objdump
configure:5780: result: objdump
configure:5812: checking how to recognize dependent libraries
configure:6012: result: pass_all
configure:6097: checking for dlltool
configure:6127: result: no
configure:6157: checking how to associate runtime and link libraries
configure:6184: result: printf %s\n
configure:6244: checking for ar
configure:6260: found /usr/bin/ar
configure:6271: result: ar
configure:6308: checking for archiver @FILE support
configure:6325: gcc -c -g -O2 -I/usr/local/opt/sqlite/include conftest.c >&5
configure:6325: $? = 0
configure:6328: ar cr libconftest.a @conftest.lst >&5
ar: @conftest.lst: No such file or directory
configure:6331: $? = 1
configure:6351: result: no
configure:6409: checking for strip
configure:6425: found /usr/bin/strip
configure:6436: result: strip
configure:6508: checking for ranlib
configure:6524: found /usr/bin/ranlib
configure:6535: result: ranlib
configure:6637: checking command to parse /usr/bin/nm -B output from gcc object
configure:6790: gcc -c -g -O2 -I/usr/local/opt/sqlite/include conftest.c >&5
configure:6793: $? = 0
configure:6797: /usr/bin/nm -B conftest.o | sed -n -e 's/^.*[	 ]\([ABCDGIRSTW][ABCDGIRSTW]*\)[	 ][	 ]*\([_A-Za-z][_A-Za-z0-9]*\)$/\1 \2 \2/p' | sed '/ __gnu_lto/d' > conftest.nm
cannot find nm_test_var in conftest.nm
configure:6790: gcc -c -g -O2 -I/usr/local/opt/sqlite/include conftest.c >&5
configure:6793: $? = 0
configure:6797: /usr/bin/nm -B conftest.o | sed -n -e 's/^.*[	 ]\([ABCDGIRSTW][ABCDGIRSTW]*\)[	 ][	 ]*_\([_A-Za-z][_A-Za-z0-9]*\)$/\1 _\2 \2/p' | sed '/ __gnu_lto/d' > conftest.nm
configure:6863: gcc -o conftest -g -O2 -I/usr/local/opt/sqlite/include -L/usr/local/opt/sqlite/lib conftest.c conftstm.o >&5
configure:6866: $? = 0
configure:6904: result: ok
configure:6951: checking for sysroot
configure:6981: result: no
configure:6988: checking for a working dd
configure:7026: result: /bin/dd
configure:7030: checking how to truncate binary pipes
configure:7045: result: /bin/dd bs=4096 count=1
configure:7374: checking for mt
configure:7404: result: no
configure:7424: checking if : is a manifest tool
configure:7430: : '-?'
configure:7438: result: no
configure:7494: checking for dsymutil
configure:7510: found /usr/bin/dsymutil
configure:7521: result: dsymutil
configure:7586: checking for nmedit
configure:7602: found /usr/bin/nmedit
configure:7613: result: nmedit
configure:7678: checking for lipo
configure:7694: found /usr/bin/lipo
configure:7705: result: lipo
configure:7770: checking for otool
configure:7786: found /usr/bin/otool
configure:7797: result: otool
configure:7862: checking for otool64
configure:7892: result: no
configure:7937: checking for -single_module linker flag
gcc -g -O2 -L/usr/local/opt/sqlite/lib -o libconftest.dylib -dynamiclib -Wl,-single_module conftest.c
ld: warning: -single_module is obsolete
configure:7970: result: no
configure:7973: checking for -exported_symbols_list linker flag
configure:7993: gcc -o conftest -g -O2 -I/usr/local/opt/sqlite/include -L/usr/local/opt/sqlite/lib -Wl,-exported_symbols_list,conftest.sym conftest.c  >&5
configure:7993: $? = 0
configure:8003: result: yes
configure:8006: checking for -force_load linker flag
gcc -g -O2 -c -o conftest.o conftest.c
ar cr libconftest.a conftest.o
ranlib libconftest.a
gcc -g -O2 -L/usr/local/opt/sqlite/lib -o conftest conftest.c -Wl,-force_load,./libconftest.a
configure:8038: result: yes
configure:8115: checking how to run the C preprocessor
configure:8146: gcc -E -I/usr/local/opt/sqlite/include conftest.c
configure:8146: $? = 0
configure:8160: gcc -E -I/usr/local/opt/sqlite/include conftest.c
conftest.c:11:10: fatal error: 'ac_nonexistent.h' file not found
#include <ac_nonexistent.h>
         ^~~~~~~~~~~~~~~~~~
1 error generated.
configure:8160: $? = 1
configure: failed program was:
| /* confdefs.h */
| #define PACKAGE_NAME "libusb-1.0"
| #define PACKAGE_TARNAME "libusb-1.0"
| #define PACKAGE_VERSION "1.0.26"
| #define PACKAGE_STRING "libusb-1.0 1.0.26"
| #define PACKAGE_BUGREPORT "libusb-devel@lists.sourceforge.net"
| #define PACKAGE_URL "http://libusb.info"
| #define PACKAGE "libusb-1.0"
| #define VERSION "1.0.26"
| /* end confdefs.h.  */
| #include <ac_nonexistent.h>
configure:8185: result: gcc -E
configure:8205: gcc -E -I/usr/local/opt/sqlite/include conftest.c
configure:8205: $? = 0
configure:8219: gcc -E -I/usr/local/opt/sqlite/include conftest.c
conftest.c:11:10: fatal error: 'ac_nonexistent.h' file not found
#include <ac_nonexistent.h>
         ^~~~~~~~~~~~~~~~~~
1 error generated.
configure:8219: $? = 1
configure: failed program was:
| /* confdefs.h */
| #define PACKAGE_NAME "libusb-1.0"
| #define PACKAGE_TARNAME "libusb-1.0"
| #define PACKAGE_VERSION "1.0.26"
| #define PACKAGE_STRING "libusb-1.0 1.0.26"
| #define PACKAGE_BUGREPORT "libusb-devel@lists.sourceforge.net"
| #define PACKAGE_URL "http://libusb.info"
| #define PACKAGE "libusb-1.0"
| #define VERSION "1.0.26"
| /* end confdefs.h.  */
| #include <ac_nonexistent.h>
configure:8248: checking for ANSI C header files
configure:8268: gcc -c -g -O2 -I/usr/local/opt/sqlite/include conftest.c >&5
configure:8268: $? = 0
configure:8341: gcc -o conftest -g -O2 -I/usr/local/opt/sqlite/include -L/usr/local/opt/sqlite/lib conftest.c  >&5
configure:8341: $? = 0
configure:8341: ./conftest
configure:8341: $? = 0
configure:8352: result: yes
configure:8365: checking for sys/types.h
configure:8365: gcc -c -g -O2 -I/usr/local/opt/sqlite/include conftest.c >&5
configure:8365: $? = 0
configure:8365: result: yes
configure:8365: checking for sys/stat.h
configure:8365: gcc -c -g -O2 -I/usr/local/opt/sqlite/include conftest.c >&5
configure:8365: $? = 0
configure:8365: result: yes
configure:8365: checking for stdlib.h
configure:8365: gcc -c -g -O2 -I/usr/local/opt/sqlite/include conftest.c >&5
configure:8365: $? = 0
configure:8365: result: yes
configure:8365: checking for string.h
configure:8365: gcc -c -g -O2 -I/usr/local/opt/sqlite/include conftest.c >&5
configure:8365: $? = 0
configure:8365: result: yes
configure:8365: checking for memory.h
configure:8365: gcc -c -g -O2 -I/usr/local/opt/sqlite/include conftest.c >&5
configure:8365: $? = 0
configure:8365: result: yes
configure:8365: checking for strings.h
configure:8365: gcc -c -g -O2 -I/usr/local/opt/sqlite/include conftest.c >&5
configure:8365: $? = 0
configure:8365: result: yes
configure:8365: checking for inttypes.h
configure:8365: gcc -c -g -O2 -I/usr/local/opt/sqlite/include conftest.c >&5
configure:8365: $? = 0
configure:8365: result: yes
configure:8365: checking for stdint.h
configure:8365: gcc -c -g -O2 -I/usr/local/opt/sqlite/include conftest.c >&5
configure:8365: $? = 0
configure:8365: result: yes
configure:8365: checking for unistd.h
configure:8365: gcc -c -g -O2 -I/usr/local/opt/sqlite/include conftest.c >&5
configure:8365: $? = 0
configure:8365: result: yes
configure:8379: checking for dlfcn.h
configure:8379: gcc -c -g -O2 -I/usr/local/opt/sqlite/include conftest.c >&5
configure:8379: $? = 0
configure:8379: result: yes
configure:8646: checking for objdir
configure:8661: result: .libs
configure:8925: checking if gcc supports -fno-rtti -fno-exceptions
configure:8943: gcc -c -g -O2 -I/usr/local/opt/sqlite/include -fno-rtti -fno-exceptions conftest.c >&5
configure:8947: $? = 0
configure:8960: result: yes
configure:9324: checking for gcc option to produce PIC
configure:9331: result: -fno-common -DPIC
configure:9339: checking if gcc PIC flag -fno-common -DPIC works
configure:9357: gcc -c -g -O2 -I/usr/local/opt/sqlite/include -fno-common -DPIC -DPIC conftest.c >&5
configure:9361: $? = 0
configure:9374: result: yes
configure:9403: checking if gcc static flag -static works
configure:9431: result: no
configure:9446: checking if gcc supports -c -o file.o
configure:9467: gcc -c -g -O2 -I/usr/local/opt/sqlite/include -o out/conftest2.o conftest.c >&5
configure:9471: $? = 0
configure:9493: result: yes
configure:9501: checking if gcc supports -c -o file.o
configure:9548: result: yes
configure:9581: checking whether the gcc linker (/Applications/Xcode.app/Contents/Developer/Toolchains/XcodeDefault.xctoolchain/usr/bin/ld) supports shared libraries
configure:10844: result: yes
configure:11084: checking dynamic linker characteristics
configure:11914: result: darwin23.0.0 dyld
configure:12036: checking how to hardcode library paths into programs
configure:12061: result: immediate
configure:12609: checking whether stripping libraries is possible
configure:12623: result: yes
configure:12649: checking if libtool supports shared libraries
configure:12651: result: yes
configure:12654: checking whether to build shared libraries
configure:12679: result: yes
configure:12682: checking whether to build static libraries
configure:12686: result: yes
configure:12709: checking how to run the C++ preprocessor
configure:12736: g++ -E -I/usr/local/opt/sqlite/include conftest.cpp
configure:12736: $? = 0
configure:12750: g++ -E -I/usr/local/opt/sqlite/include conftest.cpp
conftest.cpp:23:10: fatal error: 'ac_nonexistent.h' file not found
#include <ac_nonexistent.h>
         ^~~~~~~~~~~~~~~~~~
1 error generated.
configure:12750: $? = 1
configure: failed program was:
| /* confdefs.h */
| #define PACKAGE_NAME "libusb-1.0"
| #define PACKAGE_TARNAME "libusb-1.0"
| #define PACKAGE_VERSION "1.0.26"
| #define PACKAGE_STRING "libusb-1.0 1.0.26"
| #define PACKAGE_BUGREPORT "libusb-devel@lists.sourceforge.net"
| #define PACKAGE_URL "http://libusb.info"
| #define PACKAGE "libusb-1.0"
| #define VERSION "1.0.26"
| #define STDC_HEADERS 1
| #define HAVE_SYS_TYPES_H 1
| #define HAVE_SYS_STAT_H 1
| #define HAVE_STDLIB_H 1
| #define HAVE_STRING_H 1
| #define HAVE_MEMORY_H 1
| #define HAVE_STRINGS_H 1
| #define HAVE_INTTYPES_H 1
| #define HAVE_STDINT_H 1
| #define HAVE_UNISTD_H 1
| #define HAVE_DLFCN_H 1
| #define LT_OBJDIR ".libs/"
| /* end confdefs.h.  */
| #include <ac_nonexistent.h>
configure:12775: result: g++ -E
configure:12795: g++ -E -I/usr/local/opt/sqlite/include conftest.cpp
configure:12795: $? = 0
configure:12809: g++ -E -I/usr/local/opt/sqlite/include conftest.cpp
conftest.cpp:23:10: fatal error: 'ac_nonexistent.h' file not found
#include <ac_nonexistent.h>
         ^~~~~~~~~~~~~~~~~~
1 error generated.
configure:12809: $? = 1
configure: failed program was:
| /* confdefs.h */
| #define PACKAGE_NAME "libusb-1.0"
| #define PACKAGE_TARNAME "libusb-1.0"
| #define PACKAGE_VERSION "1.0.26"
| #define PACKAGE_STRING "libusb-1.0 1.0.26"
| #define PACKAGE_BUGREPORT "libusb-devel@lists.sourceforge.net"
| #define PACKAGE_URL "http://libusb.info"
| #define PACKAGE "libusb-1.0"
| #define VERSION "1.0.26"
| #define STDC_HEADERS 1
| #define HAVE_SYS_TYPES_H 1
| #define HAVE_SYS_STAT_H 1
| #define HAVE_STDLIB_H 1
| #define HAVE_STRING_H 1
| #define HAVE_MEMORY_H 1
| #define HAVE_STRINGS_H 1
| #define HAVE_INTTYPES_H 1
| #define HAVE_STDINT_H 1
| #define HAVE_UNISTD_H 1
| #define HAVE_DLFCN_H 1
| #define LT_OBJDIR ".libs/"
| /* end confdefs.h.  */
| #include <ac_nonexistent.h>
configure:12971: checking for ld used by g++
configure:13038: result: /Applications/Xcode.app/Contents/Developer/Toolchains/XcodeDefault.xctoolchain/usr/bin/ld
configure:13045: checking if the linker (/Applications/Xcode.app/Contents/Developer/Toolchains/XcodeDefault.xctoolchain/usr/bin/ld) is GNU ld
configure:13060: result: no
configure:13115: checking whether the g++ linker (/Applications/Xcode.app/Contents/Developer/Toolchains/XcodeDefault.xctoolchain/usr/bin/ld) supports shared libraries
configure:14188: result: yes
configure:14224: g++ -c -g -O2 -I/usr/local/opt/sqlite/include conftest.cpp >&5
configure:14227: $? = 0
configure:14708: checking for g++ option to produce PIC
configure:14715: result: -fno-common -DPIC
configure:14723: checking if g++ PIC flag -fno-common -DPIC works
configure:14741: g++ -c -g -O2 -I/usr/local/opt/sqlite/include -fno-common -DPIC -DPIC conftest.cpp >&5
configure:14745: $? = 0
configure:14758: result: yes
configure:14781: checking if g++ static flag -static works
configure:14809: result: no
configure:14821: checking if g++ supports -c -o file.o
configure:14842: g++ -c -g -O2 -I/usr/local/opt/sqlite/include -o out/conftest2.o conftest.cpp >&5
configure:14846: $? = 0
configure:14868: result: yes
configure:14873: checking if g++ supports -c -o file.o
configure:14920: result: yes
configure:14950: checking whether the g++ linker (/Applications/Xcode.app/Contents/Developer/Toolchains/XcodeDefault.xctoolchain/usr/bin/ld) supports shared libraries
configure:14993: result: yes
configure:15134: checking dynamic linker characteristics
configure:15891: result: darwin23.0.0 dyld
configure:15956: checking how to hardcode library paths into programs
configure:15981: result: immediate
configure:16085: checking for windres
configure:16115: result: no
configure:16229: checking whether make supports nested variables
configure:16246: result: yes
configure:16263: checking if gcc supports -std=gnu11
configure:16276: gcc -c -std=gnu11 -I/usr/local/opt/sqlite/include conftest.c >&5
configure:16276: $? = 0
configure:16277: result: yes
configure:16326: checking operating system
configure:16330: result: Darwin/Mac OS X
configure:16406: checking for nfds_t
configure:16406: gcc -c -g -O2 -I/usr/local/opt/sqlite/include conftest.c >&5
configure:16406: $? = 0
configure:16406: gcc -c -g -O2 -I/usr/local/opt/sqlite/include conftest.c >&5
conftest.c:32:21: error: expected expression
if (sizeof ((nfds_t)))
                    ^
1 error generated.
configure:16406: $? = 1
configure: failed program was:
| /* confdefs.h */
| #define PACKAGE_NAME "libusb-1.0"
| #define PACKAGE_TARNAME "libusb-1.0"
| #define PACKAGE_VERSION "1.0.26"
| #define PACKAGE_STRING "libusb-1.0 1.0.26"
| #define PACKAGE_BUGREPORT "libusb-devel@lists.sourceforge.net"
| #define PACKAGE_URL "http://libusb.info"
| #define PACKAGE "libusb-1.0"
| #define VERSION "1.0.26"
| #define STDC_HEADERS 1
| #define HAVE_SYS_TYPES_H 1
| #define HAVE_SYS_STAT_H 1
| #define HAVE_STDLIB_H 1
| #define HAVE_STRING_H 1
| #define HAVE_MEMORY_H 1
| #define HAVE_STRINGS_H 1
| #define HAVE_INTTYPES_H 1
| #define HAVE_STDINT_H 1
| #define HAVE_UNISTD_H 1
| #define HAVE_DLFCN_H 1
| #define LT_OBJDIR ".libs/"
| #define _GNU_SOURCE 1
| #define DEFAULT_VISIBILITY __attribute__ ((visibility ("default")))
| #define PRINTF_FORMAT(a, b) __attribute__ ((__format__ (__printf__, a, b)))
| #define PLATFORM_POSIX 1
| /* end confdefs.h.  */
| #include <poll.h>
| 
| int
| main ()
| {
| if (sizeof ((nfds_t)))
| 	    return 0;
|   ;
|   return 0;
| }
configure:16406: result: yes
configure:16419: checking for pipe2
configure:16419: gcc -o conftest -g -O2 -I/usr/local/opt/sqlite/include -L/usr/local/opt/sqlite/lib conftest.c  >&5
ld: Undefined symbols:
  _pipe2, referenced from:
      _main in conftest-18c001.o
clang: error: linker command failed with exit code 1 (use -v to see invocation)
configure:16419: $? = 1
configure: failed program was:
| /* confdefs.h */
| #define PACKAGE_NAME "libusb-1.0"
| #define PACKAGE_TARNAME "libusb-1.0"
| #define PACKAGE_VERSION "1.0.26"
| #define PACKAGE_STRING "libusb-1.0 1.0.26"
| #define PACKAGE_BUGREPORT "libusb-devel@lists.sourceforge.net"
| #define PACKAGE_URL "http://libusb.info"
| #define PACKAGE "libusb-1.0"
| #define VERSION "1.0.26"
| #define STDC_HEADERS 1
| #define HAVE_SYS_TYPES_H 1
| #define HAVE_SYS_STAT_H 1
| #define HAVE_STDLIB_H 1
| #define HAVE_STRING_H 1
| #define HAVE_MEMORY_H 1
| #define HAVE_STRINGS_H 1
| #define HAVE_INTTYPES_H 1
| #define HAVE_STDINT_H 1
| #define HAVE_UNISTD_H 1
| #define HAVE_DLFCN_H 1
| #define LT_OBJDIR ".libs/"
| #define _GNU_SOURCE 1
| #define DEFAULT_VISIBILITY __attribute__ ((visibility ("default")))
| #define PRINTF_FORMAT(a, b) __attribute__ ((__format__ (__printf__, a, b)))
| #define PLATFORM_POSIX 1
| #define HAVE_NFDS_T 1
| /* end confdefs.h.  */
| /* Define pipe2 to an innocuous variant, in case <limits.h> declares pipe2.
|    For example, HP-UX 11i <limits.h> declares gettimeofday.  */
| #define pipe2 innocuous_pipe2
| 
| /* System header to define __stub macros and hopefully few prototypes,
|     which can conflict with char pipe2 (); below.
|     Prefer <limits.h> to <assert.h> if __STDC__ is defined, since
|     <limits.h> exists even on freestanding compilers.  */
| 
| #ifdef __STDC__
| # include <limits.h>
| #else
| # include <assert.h>
| #endif
| 
| #undef pipe2
| 
| /* Override any GCC internal prototype to avoid an error.
|    Use char because int might match the return type of a GCC
|    builtin and then its argument prototype would still apply.  */
| #ifdef __cplusplus
| extern "C"
| #endif
| char pipe2 ();
| /* The GNU C library defines this for functions which it implements
|     to always fail with ENOSYS.  Some functions are actually named
|     something starting with __ and the normal name is an alias.  */
| #if defined __stub_pipe2 || defined __stub___pipe2
| choke me
| #endif
| 
| int
| main ()
| {
| return pipe2 ();
|   ;
|   return 0;
| }
configure:16419: result: no
configure:16430: checking if gcc recognizes -pthread
configure:16443: gcc -c -Wall -Werror -pthread -I/usr/local/opt/sqlite/include conftest.c >&5
configure:16443: $? = 0
configure:16444: result: yes
configure:16454: checking for library containing pthread_create
configure:16485: gcc -o conftest -g -O2 -I/usr/local/opt/sqlite/include -L/usr/local/opt/sqlite/lib conftest.c  >&5
configure:16485: $? = 0
configure:16502: result: none required
configure:16511: checking for library containing __atomic_fetch_add_4
configure:16542: gcc -o conftest -g -O2 -I/usr/local/opt/sqlite/include -L/usr/local/opt/sqlite/lib conftest.c  >&5
configure:16542: $? = 0
configure:16559: result: none required
configure:16579: checking for pthread_threadid_np
configure:16579: gcc -o conftest -g -O2 -I/usr/local/opt/sqlite/include -L/usr/local/opt/sqlite/lib conftest.c  >&5
configure:16579: $? = 0
configure:16579: result: yes
configure:16591: checking IOKit/usb/IOUSBHostFamilyDefinitions.h usability
configure:16591: gcc -c -g -O2 -I/usr/local/opt/sqlite/include conftest.c >&5
configure:16591: $? = 0
configure:16591: result: yes
configure:16591: checking IOKit/usb/IOUSBHostFamilyDefinitions.h presence
configure:16591: gcc -E -I/usr/local/opt/sqlite/include conftest.c
configure:16591: $? = 0
configure:16591: result: yes
configure:16591: checking for IOKit/usb/IOUSBHostFamilyDefinitions.h
configure:16591: result: yes
configure:17062: checking sys/time.h usability
configure:17062: gcc -c -g -O2 -I/usr/local/opt/sqlite/include conftest.c >&5
configure:17062: $? = 0
configure:17062: result: yes
configure:17062: checking sys/time.h presence
configure:17062: gcc -E -I/usr/local/opt/sqlite/include conftest.c
configure:17062: $? = 0
configure:17062: result: yes
configure:17062: checking for sys/time.h
configure:17062: result: yes
configure:17075: checking whether OS X target version is 10.12 or later
configure:17093: gcc -c -g -O2 -I/usr/local/opt/sqlite/include conftest.c >&5
configure:17093: $? = 0
configure:17094: result: yes
configure:17106: checking for clock_gettime
configure:17106: gcc -o conftest -g -O2 -I/usr/local/opt/sqlite/include -L/usr/local/opt/sqlite/lib conftest.c  -lobjc -Wl,-framework,IOKit -Wl,-framework,CoreFoundation -Wl,-framework,Security >&5
configure:17106: $? = 0
configure:17106: result: yes
configure:17138: checking whether CLOCK_MONOTONIC is declared
configure:17138: gcc -c -g -O2 -I/usr/local/opt/sqlite/include conftest.c >&5
configure:17138: $? = 0
configure:17138: result: yes
configure:17148: checking for pthread_condattr_setclock
configure:17148: gcc -o conftest -g -O2 -I/usr/local/opt/sqlite/include -L/usr/local/opt/sqlite/lib conftest.c  -lobjc -Wl,-framework,IOKit -Wl,-framework,CoreFoundation -Wl,-framework,Security >&5
ld: Undefined symbols:
  _pthread_condattr_setclock, referenced from:
      _main in conftest-bc6c04.o
clang: error: linker command failed with exit code 1 (use -v to see invocation)
configure:17148: $? = 1
configure: failed program was:
| /* confdefs.h */
| #define PACKAGE_NAME "libusb-1.0"
| #define PACKAGE_TARNAME "libusb-1.0"
| #define PACKAGE_VERSION "1.0.26"
| #define PACKAGE_STRING "libusb-1.0 1.0.26"
| #define PACKAGE_BUGREPORT "libusb-devel@lists.sourceforge.net"
| #define PACKAGE_URL "http://libusb.info"
| #define PACKAGE "libusb-1.0"
| #define VERSION "1.0.26"
| #define STDC_HEADERS 1
| #define HAVE_SYS_TYPES_H 1
| #define HAVE_SYS_STAT_H 1
| #define HAVE_STDLIB_H 1
| #define HAVE_STRING_H 1
| #define HAVE_MEMORY_H 1
| #define HAVE_STRINGS_H 1
| #define HAVE_INTTYPES_H 1
| #define HAVE_STDINT_H 1
| #define HAVE_UNISTD_H 1
| #define HAVE_DLFCN_H 1
| #define LT_OBJDIR ".libs/"
| #define _GNU_SOURCE 1
| #define DEFAULT_VISIBILITY __attribute__ ((visibility ("default")))
| #define PRINTF_FORMAT(a, b) __attribute__ ((__format__ (__printf__, a, b)))
| #define PLATFORM_POSIX 1
| #define HAVE_NFDS_T 1
| #define HAVE_PTHREAD_THREADID_NP 1
| #define HAVE_IOKIT_USB_IOUSBHOSTFAMILYDEFINITIONS_H 1
| #define HAVE_SYS_TIME_H 1
| #define HAVE_CLOCK_GETTIME 1
| /* end confdefs.h.  */
| /* Define pthread_condattr_setclock to an innocuous variant, in case <limits.h> declares pthread_condattr_setclock.
|    For example, HP-UX 11i <limits.h> declares gettimeofday.  */
| #define pthread_condattr_setclock innocuous_pthread_condattr_setclock
| 
| /* System header to define __stub macros and hopefully few prototypes,
|     which can conflict with char pthread_condattr_setclock (); below.
|     Prefer <limits.h> to <assert.h> if __STDC__ is defined, since
|     <limits.h> exists even on freestanding compilers.  */
| 
| #ifdef __STDC__
| # include <limits.h>
| #else
| # include <assert.h>
| #endif
| 
| #undef pthread_condattr_setclock
| 
| /* Override any GCC internal prototype to avoid an error.
|    Use char because int might match the return type of a GCC
|    builtin and then its argument prototype would still apply.  */
| #ifdef __cplusplus
| extern "C"
| #endif
| char pthread_condattr_setclock ();
| /* The GNU C library defines this for functions which it implements
|     to always fail with ENOSYS.  Some functions are actually named
|     something starting with __ and the normal name is an alias.  */
| #if defined __stub_pthread_condattr_setclock || defined __stub___pthread_condattr_setclock
| choke me
| #endif
| 
| int
| main ()
| {
| return pthread_condattr_setclock ();
|   ;
|   return 0;
| }
configure:17148: result: no
configure:17160: checking whether CLOCK_REALTIME is declared
configure:17160: gcc -c -g -O2 -I/usr/local/opt/sqlite/include conftest.c >&5
configure:17160: $? = 0
configure:17160: result: yes
configure:17719: checking that generated files are newer than configure
configure:17725: result: done
configure:17812: creating ./config.status

## ---------------------- ##
## Running config.status. ##
## ---------------------- ##

This file was extended by libusb-1.0 config.status 1.0.26, which was
generated by GNU Autoconf 2.69.  Invocation command line was

  CONFIG_FILES    = 
  CONFIG_HEADERS  = 
  CONFIG_LINKS    = 
  CONFIG_COMMANDS = 
  $ ./config.status 

on 636s-Mac-mini.local

config.status:1260: creating libusb-1.0.pc
config.status:1260: creating Makefile
config.status:1260: creating libusb/Makefile
config.status:1260: creating examples/Makefile
config.status:1260: creating tests/Makefile
config.status:1260: creating doc/Makefile
config.status:1260: creating doc/doxygen.cfg
config.status:1260: creating config.h
config.status:1489: executing depfiles commands
config.status:1566: cd libusb       && sed -e '/# am--include-marker/d' Makefile         | make -f - am--depfiles
config.status:1571: $? = 0
config.status:1566: cd examples       && sed -e '/# am--include-marker/d' Makefile         | make -f - am--depfiles
config.status:1571: $? = 0
config.status:1566: cd tests       && sed -e '/# am--include-marker/d' Makefile         | make -f - am--depfiles
config.status:1571: $? = 0
config.status:1489: executing libtool commands

## ---------------- ##
## Cache variables. ##
## ---------------- ##

ac_cv_build=x86_64-apple-darwin23.0.0
ac_cv_c_compiler_gnu=yes
ac_cv_c_inline=inline
ac_cv_cxx_compiler_gnu=yes
ac_cv_env_CCC_set=
ac_cv_env_CCC_value=
ac_cv_env_CC_set=
ac_cv_env_CC_value=
ac_cv_env_CFLAGS_set=
ac_cv_env_CFLAGS_value=
ac_cv_env_CPPFLAGS_set=set
ac_cv_env_CPPFLAGS_value=-I/usr/local/opt/sqlite/include
ac_cv_env_CPP_set=
ac_cv_env_CPP_value=
ac_cv_env_CXXCPP_set=
ac_cv_env_CXXCPP_value=
ac_cv_env_CXXFLAGS_set=
ac_cv_env_CXXFLAGS_value=
ac_cv_env_CXX_set=
ac_cv_env_CXX_value=
ac_cv_env_LDFLAGS_set=set
ac_cv_env_LDFLAGS_value=-L/usr/local/opt/sqlite/lib
ac_cv_env_LIBS_set=
ac_cv_env_LIBS_value=
ac_cv_env_LT_SYS_LIBRARY_PATH_set=
ac_cv_env_LT_SYS_LIBRARY_PATH_value=
ac_cv_env_PKG_CONFIG_LIBDIR_set=
ac_cv_env_PKG_CONFIG_LIBDIR_value=
ac_cv_env_PKG_CONFIG_PATH_set=set
ac_cv_env_PKG_CONFIG_PATH_value=/usr/local/lib/pkgconfig/:/usr/local/opt/opencv@4/lib/pkgconfig::/usr/local/Cellar/opencv/4.5.3_2/lib/pkgconfig
ac_cv_env_PKG_CONFIG_set=
ac_cv_env_PKG_CONFIG_value=
ac_cv_env_UMOCKDEV_CFLAGS_set=
ac_cv_env_UMOCKDEV_CFLAGS_value=
ac_cv_env_UMOCKDEV_HOTPLUG_CFLAGS_set=
ac_cv_env_UMOCKDEV_HOTPLUG_CFLAGS_value=
ac_cv_env_UMOCKDEV_HOTPLUG_LIBS_set=
ac_cv_env_UMOCKDEV_HOTPLUG_LIBS_value=
ac_cv_env_UMOCKDEV_LIBS_set=
ac_cv_env_UMOCKDEV_LIBS_value=
ac_cv_env_build_alias_set=
ac_cv_env_build_alias_value=
ac_cv_env_host_alias_set=
ac_cv_env_host_alias_value=
ac_cv_env_target_alias_set=
ac_cv_env_target_alias_value=
ac_cv_func_clock_gettime=yes
ac_cv_func_pipe2=no
ac_cv_func_pthread_condattr_setclock=no
ac_cv_func_pthread_threadid_np=yes
ac_cv_have_decl_CLOCK_MONOTONIC=yes
ac_cv_have_decl_CLOCK_REALTIME=yes
ac_cv_header_IOKit_usb_IOUSBHostFamilyDefinitions_h=yes
ac_cv_header_dlfcn_h=yes
ac_cv_header_inttypes_h=yes
ac_cv_header_memory_h=yes
ac_cv_header_stdc=yes
ac_cv_header_stdint_h=yes
ac_cv_header_stdlib_h=yes
ac_cv_header_string_h=yes
ac_cv_header_strings_h=yes
ac_cv_header_sys_stat_h=yes
ac_cv_header_sys_time_h=yes
ac_cv_header_sys_types_h=yes
ac_cv_header_unistd_h=yes
ac_cv_host=x86_64-apple-darwin23.0.0
ac_cv_objext=o
ac_cv_path_EGREP='/usr/bin/grep -E'
ac_cv_path_FGREP='/usr/bin/grep -F'
ac_cv_path_GREP=/usr/bin/grep
ac_cv_path_SED=/usr/local/bin/gsed
ac_cv_path_install='/usr/local/bin/ginstall -c'
ac_cv_path_lt_DD=/bin/dd
ac_cv_path_mkdir=/usr/local/bin/gmkdir
ac_cv_prog_AWK=awk
ac_cv_prog_CPP='gcc -E'
ac_cv_prog_CXXCPP='g++ -E'
ac_cv_prog_ac_ct_AR=ar
ac_cv_prog_ac_ct_CC=gcc
ac_cv_prog_ac_ct_CXX=g++
ac_cv_prog_ac_ct_DSYMUTIL=dsymutil
ac_cv_prog_ac_ct_LIPO=lipo
ac_cv_prog_ac_ct_NMEDIT=nmedit
ac_cv_prog_ac_ct_OBJDUMP=objdump
ac_cv_prog_ac_ct_OTOOL=otool
ac_cv_prog_ac_ct_RANLIB=ranlib
ac_cv_prog_ac_ct_STRIP=strip
ac_cv_prog_cc_c89=
ac_cv_prog_cc_g=yes
ac_cv_prog_cxx_g=yes
ac_cv_prog_make_make_set=yes
ac_cv_search___atomic_fetch_add_4='none required'
ac_cv_search_pthread_create='none required'
ac_cv_type_nfds_t=yes
am_cv_CC_dependencies_compiler_type=gcc3
am_cv_CXX_dependencies_compiler_type=gcc3
am_cv_make_support_nested_variables=yes
am_cv_prog_cc_c_o=yes
lt_cv_apple_cc_single_mod=no
lt_cv_ar_at_file=no
lt_cv_deplibs_check_method=pass_all
lt_cv_file_magic_cmd='$MAGIC_CMD'
lt_cv_file_magic_test_file=
lt_cv_ld_exported_symbols_list=yes
lt_cv_ld_force_load=yes
lt_cv_ld_reload_flag=-r
lt_cv_nm_interface='BSD nm'
lt_cv_objdir=.libs
lt_cv_path_LD=/Applications/Xcode.app/Contents/Developer/Toolchains/XcodeDefault.xctoolchain/usr/bin/ld
lt_cv_path_LDCXX=/Applications/Xcode.app/Contents/Developer/Toolchains/XcodeDefault.xctoolchain/usr/bin/ld
lt_cv_path_NM='/usr/bin/nm -B'
lt_cv_path_mainfest_tool=no
lt_cv_prog_compiler_c_o=yes
lt_cv_prog_compiler_c_o_CXX=yes
lt_cv_prog_compiler_c_o_RC=yes
lt_cv_prog_compiler_pic='-fno-common -DPIC'
lt_cv_prog_compiler_pic_CXX='-fno-common -DPIC'
lt_cv_prog_compiler_pic_works=yes
lt_cv_prog_compiler_pic_works_CXX=yes
lt_cv_prog_compiler_rtti_exceptions=yes
lt_cv_prog_compiler_static_works=no
lt_cv_prog_compiler_static_works_CXX=no
lt_cv_prog_gnu_ld=no
lt_cv_prog_gnu_ldcxx=no
lt_cv_sharedlib_from_linklib_cmd='printf %s\n'
lt_cv_sys_global_symbol_pipe='sed -n -e '\''s/^.*[	 ]\([ABCDGIRSTW][ABCDGIRSTW]*\)[	 ][	 ]*_\([_A-Za-z][_A-Za-z0-9]*\)$/\1 _\2 \2/p'\'' | sed '\''/ __gnu_lto/d'\'''
lt_cv_sys_global_symbol_to_c_name_address='sed -n -e '\''s/^: \(.*\) .*$/  {"\1", (void *) 0},/p'\'' -e '\''s/^[ABCDGIRSTW][ABCDGIRSTW]* .* \(.*\)$/  {"\1", (void *) \&\1},/p'\'''
lt_cv_sys_global_symbol_to_c_name_address_lib_prefix='sed -n -e '\''s/^: \(.*\) .*$/  {"\1", (void *) 0},/p'\'' -e '\''s/^[ABCDGIRSTW][ABCDGIRSTW]* .* \(lib.*\)$/  {"\1", (void *) \&\1},/p'\'' -e '\''s/^[ABCDGIRSTW][ABCDGIRSTW]* .* \(.*\)$/  {"lib\1", (void *) \&\1},/p'\'''
lt_cv_sys_global_symbol_to_cdecl='sed -n -e '\''s/^T .* \(.*\)$/extern int \1();/p'\'' -e '\''s/^[ABCDGIRSTW][ABCDGIRSTW]* .* \(.*\)$/extern char \1;/p'\'''
lt_cv_sys_global_symbol_to_import=
lt_cv_sys_max_cmd_len=786432
lt_cv_to_host_file_cmd=func_convert_file_noop
lt_cv_to_tool_file_cmd=func_convert_file_noop
lt_cv_truncate_bin='/bin/dd bs=4096 count=1'

## ----------------- ##
## Output variables. ##
## ----------------- ##

ACLOCAL='${SHELL} /Users/morpheous/WORKSPACE/GO/StreamDeck/libusb/missing aclocal-1.16'
AMDEPBACKSLASH='\'
AMDEP_FALSE='#'
AMDEP_TRUE=''
AMTAR='$${TAR-tar}'
AM_BACKSLASH='\'
AM_CFLAGS='-std=gnu11  -Wall -Wextra -Wshadow -Wunused -Wwrite-strings -Werror=format-security -Werror=implicit-function-declaration -Werror=implicit-int -Werror=init-self -Werror=missing-prototypes -Werror=strict-prototypes -Werror=undef -Werror=uninitialized'
AM_CPPFLAGS=''
AM_CXXFLAGS='-std=gnu++11  -Wall -Wextra -Wshadow -Wunused -Wwrite-strings -Werror=format-security -Werror=implicit-function-declaration -Werror=implicit-int -Werror=init-self -Werror=missing-prototypes -Werror=strict-prototypes -Werror=undef -Werror=uninitialized -Wmissing-declarations'
AM_DEFAULT_V='$(AM_DEFAULT_VERBOSITY)'
AM_DEFAULT_VERBOSITY='0'
AM_V='$(V)'
AR='ar'
AUTOCONF='${SHELL} /Users/morpheous/WORKSPACE/GO/StreamDeck/libusb/missing autoconf'
AUTOHEADER='${SHELL} /Users/morpheous/WORKSPACE/GO/StreamDeck/libusb/missing autoheader'
AUTOMAKE='${SHELL} /Users/morpheous/WORKSPACE/GO/StreamDeck/libusb/missing automake-1.16'
AWK='awk'
BUILD_EXAMPLES_FALSE=''
BUILD_EXAMPLES_TRUE='#'
BUILD_TESTS_FALSE=''
BUILD_TESTS_TRUE='#'
BUILD_UMOCKDEV_TEST_FALSE=''
BUILD_UMOCKDEV_TEST_TRUE='#'
CC='gcc'
CCDEPMODE='depmode=gcc3'
CFLAGS='-g -O2'
CPP='gcc -E'
CPPFLAGS='-I/usr/local/opt/sqlite/include'
CREATE_IMPORT_LIB_FALSE=''
CREATE_IMPORT_LIB_TRUE='#'
CXX='g++'
CXXCPP='g++ -E'
CXXDEPMODE='depmode=gcc3'
CXXFLAGS='-g -O2'
CYGPATH_W='echo'
DEFS='-DHAVE_CONFIG_H'
DEPDIR='.deps'
DLLTOOL='false'
DOXYGEN_HTMLDIR='api-1.0'
DSYMUTIL='dsymutil'
DUMPBIN=''
ECHO_C='\c'
ECHO_N=''
ECHO_T=''
EGREP='/usr/bin/grep -E'
EXEEXT=''
EXTRA_LDFLAGS=''
FGREP='/usr/bin/grep -F'
GREP='/usr/bin/grep'
INSTALL_DATA='${INSTALL} -m 644'
INSTALL_PROGRAM='${INSTALL}'
INSTALL_SCRIPT='${INSTALL}'
INSTALL_STRIP_PROGRAM='$(install_sh) -c -s'
LD='/Applications/Xcode.app/Contents/Developer/Toolchains/XcodeDefault.xctoolchain/usr/bin/ld'
LDFLAGS='-L/usr/local/opt/sqlite/lib'
LIBOBJS=''
LIBS=' -lobjc -Wl,-framework,IOKit -Wl,-framework,CoreFoundation -Wl,-framework,Security'
LIBTOOL='$(SHELL) $(top_builddir)/libtool'
LIPO='lipo'
LN_S='ln -s'
LTLIBOBJS=''
LT_LDFLAGS='-version-info 3:0:3 -no-undefined'
LT_SYS_LIBRARY_PATH=''
MAKEINFO='${SHELL} /Users/morpheous/WORKSPACE/GO/StreamDeck/libusb/missing makeinfo'
MANIFEST_TOOL=':'
MKDIR_P='/usr/local/bin/gmkdir -p'
NM='/usr/bin/nm -B'
NMEDIT='nmedit'
OBJDUMP='objdump'
OBJEXT='o'
OS_DARWIN_FALSE='#'
OS_DARWIN_TRUE=''
OS_HAIKU_FALSE=''
OS_HAIKU_TRUE='#'
OS_LINUX_FALSE=''
OS_LINUX_TRUE='#'
OS_NETBSD_FALSE=''
OS_NETBSD_TRUE='#'
OS_NULL_FALSE=''
OS_NULL_TRUE='#'
OS_OPENBSD_FALSE=''
OS_OPENBSD_TRUE='#'
OS_SUNOS_FALSE=''
OS_SUNOS_TRUE='#'
OS_WINDOWS_FALSE=''
OS_WINDOWS_TRUE='#'
OTOOL64=':'
OTOOL='otool'
PACKAGE='libusb-1.0'
PACKAGE_BUGREPORT='libusb-devel@lists.sourceforge.net'
PACKAGE_NAME='libusb-1.0'
PACKAGE_STRING='libusb-1.0 1.0.26'
PACKAGE_TARNAME='libusb-1.0'
PACKAGE_URL='http://libusb.info'
PACKAGE_VERSION='1.0.26'
PATH_SEPARATOR=':'
PKG_CONFIG=''
PKG_CONFIG_LIBDIR=''
PKG_CONFIG_PATH='/usr/local/lib/pkgconfig/:/usr/local/opt/opencv@4/lib/pkgconfig::/usr/local/Cellar/opencv/4.5.3_2/lib/pkgconfig'
PLATFORM_POSIX_FALSE='#'
PLATFORM_POSIX_TRUE=''
PLATFORM_WINDOWS_FALSE=''
PLATFORM_WINDOWS_TRUE='#'
RANLIB='ranlib'
RC=''
SED='/usr/local/bin/gsed'
SET_MAKE=''
SHELL='/bin/sh'
STRIP='strip'
THREAD_CFLAGS='-pthread'
THREAD_LIBS=''
UMOCKDEV_CFLAGS=''
UMOCKDEV_HOTPLUG_CFLAGS=''
UMOCKDEV_HOTPLUG_LIBS=''
UMOCKDEV_LIBS=''
USE_UDEV_FALSE=''
USE_UDEV_TRUE='#'
VERSION='1.0.26'
ac_ct_AR='ar'
ac_ct_CC='gcc'
ac_ct_CXX='g++'
ac_ct_DUMPBIN=''
am__EXEEXT_FALSE=''
am__EXEEXT_TRUE='#'
am__fastdepCC_FALSE='#'
am__fastdepCC_TRUE=''
am__fastdepCXX_FALSE='#'
am__fastdepCXX_TRUE=''
am__include='include'
am__isrc=''
am__leading_dot='.'
am__nodep='_no'
am__quote=''
am__tar='$${TAR-tar} chof - "$$tardir"'
am__untar='$${TAR-tar} xf -'
bindir='${exec_prefix}/bin'
build='x86_64-apple-darwin23.0.0'
build_alias=''
build_cpu='x86_64'
build_os='darwin23.0.0'
build_vendor='apple'
datadir='${datarootdir}'
datarootdir='${prefix}/share'
docdir='${datarootdir}/doc/${PACKAGE_TARNAME}'
dvidir='${docdir}'
exec_prefix='${prefix}'
host='x86_64-apple-darwin23.0.0'
host_alias=''
host_cpu='x86_64'
host_os='darwin23.0.0'
host_vendor='apple'
htmldir='${docdir}'
includedir='${prefix}/include'
infodir='${datarootdir}/info'
install_sh='${SHELL} /Users/morpheous/WORKSPACE/GO/StreamDeck/libusb/install-sh'
libdir='${exec_prefix}/lib'
libexecdir='${exec_prefix}/libexec'
localedir='${datarootdir}/locale'
localstatedir='${prefix}/var'
mandir='${datarootdir}/man'
mkdir_p='$(MKDIR_P)'
oldincludedir='/usr/include'
pdfdir='${docdir}'
prefix='/usr/local'
program_transform_name='s,x,x,'
psdir='${docdir}'
runstatedir='${localstatedir}/run'
sbindir='${exec_prefix}/sbin'
sharedstatedir='${prefix}/com'
sysconfdir='${prefix}/etc'
target_alias=''

## ----------- ##
## confdefs.h. ##
## ----------- ##

/* confdefs.h */
#define PACKAGE_NAME "libusb-1.0"
#define PACKAGE_TARNAME "libusb-1.0"
#define PACKAGE_VERSION "1.0.26"
#define PACKAGE_STRING "libusb-1.0 1.0.26"
#define PACKAGE_BUGREPORT "libusb-devel@lists.sourceforge.net"
#define PACKAGE_URL "http://libusb.info"
#define PACKAGE "libusb-1.0"
#define VERSION "1.0.26"
#define STDC_HEADERS 1
#define HAVE_SYS_TYPES_H 1
#define HAVE_SYS_STAT_H 1
#define HAVE_STDLIB_H 1
#define HAVE_STRING_H 1
#define HAVE_MEMORY_H 1
#define HAVE_STRINGS_H 1
#define HAVE_INTTYPES_H 1
#define HAVE_STDINT_H 1
#define HAVE_UNISTD_H 1
#define HAVE_DLFCN_H 1
#define LT_OBJDIR ".libs/"
#define _GNU_SOURCE 1
#define DEFAULT_VISIBILITY __attribute__ ((visibility ("default")))
#define PRINTF_FORMAT(a, b) __attribute__ ((__format__ (__printf__, a, b)))
#define PLATFORM_POSIX 1
#define HAVE_NFDS_T 1
#define HAVE_PTHREAD_THREADID_NP 1
#define HAVE_IOKIT_USB_IOUSBHOSTFAMILYDEFINITIONS_H 1
#define HAVE_SYS_TIME_H 1
#define HAVE_CLOCK_GETTIME 1
#define ENABLE_LOGGING 1

configure: exit 0
